TN:
SF:app.js
FN:32,(anonymous_0)
FN:37,(anonymous_1)
FNF:2
FNH:2
FNDA:2,(anonymous_0)
FNDA:46,(anonymous_1)
DA:5,5
DA:6,5
DA:8,5
DA:10,5
DA:11,5
DA:12,5
DA:13,5
DA:14,5
DA:16,5
DA:18,5
DA:20,5
DA:21,5
DA:22,5
DA:23,5
DA:25,5
DA:26,5
DA:27,5
DA:28,5
DA:32,5
DA:33,2
DA:37,5
DA:38,46
DA:39,46
DA:40,46
DA:42,46
DA:47,5
LF:26
LH:26
BRDA:38,0,0,1
BRDA:38,0,1,45
BRDA:39,1,0,46
BRDA:39,1,1,2
BRF:4
BRH:4
end_of_record
TN:
SF:config.js
FN:13,getDatabaseUri
FNF:1
FNH:1
FNDA:22,getDatabaseUri
DA:5,11
DA:6,11
DA:8,11
DA:10,11
DA:14,22
DA:22,11
DA:24,11
DA:25,11
DA:26,11
DA:27,11
DA:28,11
DA:29,11
DA:31,11
LF:13
LH:13
BRDA:8,0,0,11
BRDA:8,0,1,10
BRDA:10,1,0,11
BRDA:10,1,1,10
BRDA:14,2,0,19
BRDA:14,2,1,3
BRDA:16,3,0,3
BRDA:16,3,1,1
BRDA:22,4,0,10
BRDA:22,4,1,1
BRF:10
BRH:10
end_of_record
TN:
SF:db.js
FNF:0
FNH:0
DA:3,8
DA:4,8
DA:8,8
DA:9,0
DA:16,8
DA:21,8
DA:23,8
LF:7
LH:6
BRDA:8,0,0,0
BRDA:8,0,1,8
BRF:2
BRH:1
end_of_record
TN:
SF:expressError.js
FN:8,(anonymous_0)
FN:18,(anonymous_1)
FN:26,(anonymous_2)
FN:34,(anonymous_3)
FN:42,(anonymous_4)
FNF:5
FNH:4
FNDA:61,(anonymous_0)
FNDA:19,(anonymous_1)
FNDA:20,(anonymous_2)
FNDA:22,(anonymous_3)
FNDA:0,(anonymous_4)
DA:9,61
DA:10,61
DA:11,61
DA:19,19
DA:27,20
DA:35,22
DA:43,0
DA:47,10
LF:8
LH:7
BRDA:18,0,0,2
BRDA:26,1,0,16
BRDA:34,2,0,0
BRDA:42,3,0,0
BRF:4
BRH:2
end_of_record
TN:
SF:helpers/sql.js
FN:5,sqlForPartialUpdate
FN:10,(anonymous_1)
FNF:2
FNH:2
FNDA:19,sqlForPartialUpdate
FNDA:31,(anonymous_1)
DA:1,9
DA:6,19
DA:7,19
DA:10,16
DA:11,31
DA:14,16
DA:20,9
LF:7
LH:7
BRDA:7,0,0,3
BRDA:7,0,1,16
BRDA:11,1,0,31
BRDA:11,1,1,17
BRF:4
BRH:4
end_of_record
TN:
SF:helpers/tokens.js
FN:6,createToken
FNF:1
FNH:1
FNDA:18,createToken
DA:1,6
DA:2,6
DA:7,18
DA:10,18
DA:15,18
DA:18,6
LF:6
LH:6
BRDA:12,0,0,18
BRDA:12,0,1,12
BRF:2
BRH:2
end_of_record
TN:
SF:middleware/auth.js
FN:18,authenticateJWT
FN:36,ensureLoggedIn
FN:45,ensureAdmin
FN:57,ensureCorrectUserOrAdmin
FNF:4
FNH:4
FNDA:76,authenticateJWT
FNDA:2,ensureLoggedIn
FNDA:33,ensureAdmin
FNDA:16,ensureCorrectUserOrAdmin
DA:5,6
DA:6,6
DA:7,6
DA:19,76
DA:20,76
DA:21,76
DA:22,44
DA:23,44
DA:25,75
DA:27,1
DA:37,2
DA:38,2
DA:39,1
DA:41,1
DA:46,33
DA:47,33
DA:48,10
DA:50,23
DA:53,10
DA:58,16
DA:59,16
DA:60,16
DA:61,5
DA:63,11
DA:66,5
DA:71,6
LF:26
LH:26
BRDA:20,0,0,76
BRDA:20,0,1,75
BRDA:21,1,0,44
BRDA:21,1,1,32
BRDA:38,2,0,1
BRDA:38,2,1,1
BRDA:47,3,0,10
BRDA:47,3,1,23
BRDA:47,4,0,33
BRDA:47,4,1,28
BRDA:60,5,0,5
BRDA:60,5,1,11
BRDA:60,6,0,16
BRDA:60,6,1,13
BRDA:60,6,2,5
BRF:15
BRH:15
end_of_record
TN:
SF:models/_testCommon.js
FN:8,commonBeforeAll
FN:27,(anonymous_1)
FN:49,commonBeforeEach
FN:53,commonAfterEach
FN:57,commonAfterAll
FNF:5
FNH:5
FNDA:3,commonBeforeAll
FNDA:12,(anonymous_1)
FNDA:39,commonBeforeEach
FNDA:39,commonAfterEach
FNDA:3,commonAfterAll
DA:1,3
DA:3,3
DA:4,3
DA:6,3
DA:10,3
DA:12,3
DA:14,3
DA:20,3
DA:27,12
DA:29,3
DA:43,3
DA:50,39
DA:54,39
DA:58,3
DA:62,3
LF:15
LH:15
BRF:0
BRH:0
end_of_record
TN:
SF:models/company.js
FN:20,(anonymous_0)
FN:53,(anonymous_1)
FN:100,(anonymous_2)
FN:130,(anonymous_3)
FN:160,(anonymous_4)
FNF:5
FNH:5
FNDA:16,(anonymous_0)
FNDA:6,(anonymous_1)
FNDA:5,(anonymous_2)
FNDA:6,(anonymous_3)
FNDA:4,(anonymous_4)
DA:3,6
DA:4,6
DA:5,6
DA:6,6
DA:21,16
DA:27,16
DA:28,1
DA:30,15
DA:43,15
DA:45,15
DA:55,6
DA:56,6
DA:58,6
DA:65,6
DA:67,6
DA:68,6
DA:69,1
DA:70,1
DA:72,6
DA:73,1
DA:74,1
DA:76,6
DA:77,1
DA:78,1
DA:80,6
DA:81,3
DA:84,6
DA:85,6
DA:86,5
DA:101,5
DA:111,5
DA:113,5
DA:115,3
DA:131,6
DA:137,5
DA:139,5
DA:147,5
DA:148,5
DA:150,5
DA:152,3
DA:161,4
DA:167,4
DA:169,4
DA:174,6
LF:44
LH:44
BRDA:27,0,0,1
BRDA:27,0,1,15
BRDA:53,1,0,1
BRDA:67,2,0,0
BRDA:67,2,1,6
BRDA:68,3,0,1
BRDA:68,3,1,5
BRDA:72,4,0,1
BRDA:72,4,1,5
BRDA:76,5,0,1
BRDA:76,5,1,5
BRDA:80,6,0,3
BRDA:80,6,1,3
BRDA:113,7,0,2
BRDA:113,7,1,3
BRDA:150,8,0,2
BRDA:150,8,1,3
BRDA:169,9,0,2
BRDA:169,9,1,2
BRF:19
BRH:18
end_of_record
TN:
SF:models/job.js
FN:8,(anonymous_0)
FN:25,(anonymous_1)
FN:65,(anonymous_2)
FN:90,(anonymous_3)
FN:112,(anonymous_4)
FNF:5
FNH:5
FNDA:14,(anonymous_0)
FNDA:8,(anonymous_1)
FNDA:4,(anonymous_2)
FNDA:4,(anonymous_3)
FNDA:4,(anonymous_4)
DA:3,6
DA:4,6
DA:5,6
DA:9,14
DA:21,14
DA:22,14
DA:26,8
DA:27,8
DA:29,8
DA:38,8
DA:39,2
DA:40,2
DA:42,8
DA:43,3
DA:44,3
DA:46,8
DA:47,3
DA:49,8
DA:50,6
DA:53,8
DA:54,8
DA:55,8
DA:66,4
DA:72,4
DA:73,4
DA:75,2
DA:84,2
DA:85,2
DA:87,2
DA:91,4
DA:94,3
DA:96,3
DA:105,3
DA:106,3
DA:108,3
DA:109,2
DA:113,4
DA:119,4
DA:121,4
DA:126,6
LF:40
LH:40
BRDA:25,0,0,1
BRDA:38,1,0,2
BRDA:38,1,1,6
BRDA:42,2,0,3
BRDA:42,2,1,5
BRDA:46,3,0,3
BRDA:46,3,1,5
BRDA:49,4,0,6
BRDA:49,4,1,2
BRDA:73,5,0,2
BRDA:73,5,1,2
BRDA:108,6,0,1
BRDA:108,6,1,2
BRDA:121,7,0,2
BRDA:121,7,1,2
BRF:15
BRH:15
end_of_record
TN:
SF:models/user.js
FN:24,(anonymous_0)
FN:59,(anonymous_1)
FN:104,(anonymous_2)
FN:126,(anonymous_3)
FN:162,(anonymous_4)
FN:195,(anonymous_5)
FN:208,(anonymous_6)
FNF:7
FNH:7
FNDA:7,(anonymous_0)
FNDA:18,(anonymous_1)
FNDA:3,(anonymous_2)
FNDA:5,(anonymous_3)
FNDA:8,(anonymous_4)
FNDA:5,(anonymous_5)
FNDA:4,(anonymous_6)
DA:3,6
DA:4,6
DA:5,6
DA:10,6
DA:12,6
DA:26,7
DA:38,7
DA:40,7
DA:42,4
DA:43,4
DA:44,3
DA:45,3
DA:49,4
DA:61,18
DA:68,18
DA:69,1
DA:72,17
DA:74,17
DA:94,17
DA:96,17
DA:105,3
DA:115,2
DA:127,5
DA:138,5
DA:140,5
DA:142,3
DA:163,8
DA:164,2
DA:167,8
DA:174,7
DA:176,7
DA:184,7
DA:185,7
DA:187,7
DA:189,5
DA:190,5
DA:196,5
DA:203,5
DA:205,5
DA:210,4
DA:215,4
DA:217,4
DA:219,4
DA:224,4
DA:226,4
DA:228,4
DA:236,6
LF:47
LH:47
BRDA:40,0,0,4
BRDA:40,0,1,3
BRDA:43,1,0,3
BRDA:43,1,1,1
BRDA:68,2,0,1
BRDA:68,2,1,17
BRDA:140,3,0,2
BRDA:140,3,1,3
BRDA:163,4,0,2
BRDA:163,4,1,6
BRDA:187,5,0,2
BRDA:187,5,1,5
BRDA:205,6,0,2
BRDA:205,6,1,3
BRDA:217,7,0,0
BRDA:217,7,1,4
BRDA:226,8,0,0
BRDA:226,8,1,4
BRF:18
BRH:16
end_of_record
TN:
SF:routes/_testCommon.js
FN:11,commonBeforeAll
FN:77,commonBeforeEach
FN:81,commonAfterEach
FN:85,commonAfterAll
FNF:4
FNH:4
FNDA:4,commonBeforeAll
FNDA:71,commonBeforeEach
FNDA:71,commonAfterEach
FNDA:4,commonAfterAll
DA:3,4
DA:4,4
DA:5,4
DA:6,4
DA:7,4
DA:9,4
DA:13,4
DA:15,4
DA:17,4
DA:25,4
DA:33,4
DA:42,4
DA:44,4
DA:46,4
DA:49,4
DA:57,4
DA:65,4
DA:74,4
DA:78,71
DA:82,71
DA:86,4
DA:90,4
DA:91,4
DA:92,4
DA:95,4
LF:25
LH:25
BRF:0
BRH:0
end_of_record
TN:
SF:routes/auth.js
FN:22,(anonymous_0)
FN:26,(anonymous_1)
FN:49,(anonymous_2)
FN:53,(anonymous_3)
FNF:4
FNH:4
FNDA:5,(anonymous_0)
FNDA:2,(anonymous_1)
FNDA:3,(anonymous_2)
FNDA:5,(anonymous_3)
DA:5,5
DA:7,5
DA:8,5
DA:9,5
DA:10,5
DA:11,5
DA:12,5
DA:13,5
DA:22,5
DA:23,5
DA:24,5
DA:25,5
DA:26,2
DA:27,2
DA:30,3
DA:31,3
DA:32,1
DA:33,1
DA:35,4
DA:49,5
DA:50,3
DA:51,3
DA:52,3
DA:53,5
DA:54,2
DA:57,1
DA:58,1
DA:59,1
DA:61,2
DA:66,5
LF:30
LH:30
BRDA:25,0,0,2
BRDA:25,0,1,3
BRDA:52,1,0,2
BRDA:52,1,1,1
BRF:4
BRH:4
end_of_record
TN:
SF:routes/companies.js
FN:29,(anonymous_0)
FN:33,(anonymous_1)
FN:55,(anonymous_2)
FN:63,(anonymous_3)
FN:83,(anonymous_4)
FN:103,(anonymous_5)
FN:107,(anonymous_6)
FN:123,(anonymous_7)
FNF:8
FNH:7
FNDA:3,(anonymous_0)
FNDA:3,(anonymous_1)
FNDA:5,(anonymous_2)
FNDA:0,(anonymous_3)
FNDA:3,(anonymous_4)
FNDA:4,(anonymous_5)
FNDA:2,(anonymous_6)
FNDA:2,(anonymous_7)
DA:5,5
DA:6,5
DA:8,5
DA:9,5
DA:10,5
DA:12,5
DA:13,5
DA:14,5
DA:17,5
DA:29,5
DA:30,3
DA:31,3
DA:32,3
DA:33,3
DA:34,2
DA:37,1
DA:38,1
DA:40,2
DA:55,5
DA:56,5
DA:57,5
DA:58,5
DA:60,5
DA:61,5
DA:62,5
DA:63,0
DA:64,0
DA:67,5
DA:68,4
DA:71,1
DA:83,5
DA:84,3
DA:85,3
DA:86,2
DA:88,1
DA:103,5
DA:104,4
DA:105,4
DA:106,4
DA:107,2
DA:108,2
DA:111,2
DA:112,1
DA:114,3
DA:123,5
DA:124,2
DA:125,2
DA:126,1
DA:128,1
DA:133,5
LF:50
LH:48
BRDA:32,0,0,2
BRDA:32,0,1,1
BRDA:57,1,0,1
BRDA:57,1,1,4
BRDA:58,2,0,1
BRDA:58,2,1,4
BRDA:62,3,0,0
BRDA:62,3,1,5
BRDA:106,4,0,2
BRDA:106,4,1,2
BRF:10
BRH:9
end_of_record
TN:
SF:routes/jobs.js
FN:13,(anonymous_0)
FN:17,(anonymous_1)
FN:29,(anonymous_2)
FN:38,(anonymous_3)
FN:49,(anonymous_4)
FN:58,(anonymous_5)
FN:62,(anonymous_6)
FN:73,(anonymous_7)
FNF:8
FNH:8
FNDA:3,(anonymous_0)
FNDA:2,(anonymous_1)
FNDA:4,(anonymous_2)
FNDA:1,(anonymous_3)
FNDA:2,(anonymous_4)
FNDA:4,(anonymous_5)
FNDA:6,(anonymous_6)
FNDA:2,(anonymous_7)
DA:3,5
DA:4,5
DA:5,5
DA:6,5
DA:7,5
DA:8,5
DA:9,5
DA:10,5
DA:11,5
DA:13,5
DA:14,3
DA:15,3
DA:16,3
DA:17,2
DA:18,2
DA:21,1
DA:22,1
DA:25,2
DA:29,5
DA:30,4
DA:32,4
DA:33,4
DA:35,4
DA:36,4
DA:37,4
DA:38,1
DA:39,1
DA:42,3
DA:43,3
DA:45,1
DA:49,5
DA:50,2
DA:51,2
DA:52,1
DA:54,1
DA:58,5
DA:59,4
DA:60,4
DA:61,4
DA:62,6
DA:63,3
DA:66,1
DA:67,1
DA:69,3
DA:73,5
DA:74,2
DA:75,2
DA:76,1
DA:78,1
DA:82,5
LF:50
LH:50
BRDA:16,0,0,2
BRDA:16,0,1,1
BRDA:32,1,0,2
BRDA:32,1,1,2
BRDA:37,2,0,1
BRDA:37,2,1,3
BRDA:61,3,0,3
BRDA:61,3,1,1
BRF:8
BRH:8
end_of_record
TN:
SF:routes/users.js
FN:31,(anonymous_0)
FN:35,(anonymous_1)
FN:55,(anonymous_2)
FN:72,(anonymous_3)
FN:92,(anonymous_4)
FN:96,(anonymous_5)
FN:113,(anonymous_6)
FN:125,(anonymous_7)
FNF:8
FNH:7
FNDA:3,(anonymous_0)
FNDA:5,(anonymous_1)
FNDA:2,(anonymous_2)
FNDA:3,(anonymous_3)
FNDA:5,(anonymous_4)
FNDA:1,(anonymous_5)
FNDA:3,(anonymous_6)
FNDA:0,(anonymous_7)
DA:5,5
DA:7,5
DA:8,5
DA:9,5
DA:10,5
DA:11,5
DA:12,5
DA:13,5
DA:14,5
DA:16,5
DA:31,5
DA:32,3
DA:33,3
DA:34,3
DA:35,5
DA:36,2
DA:39,1
DA:40,1
DA:41,1
DA:43,2
DA:55,5
DA:56,2
DA:57,2
DA:58,1
DA:60,1
DA:72,5
DA:73,3
DA:74,3
DA:75,2
DA:77,1
DA:92,5
DA:93,5
DA:94,5
DA:95,5
DA:96,1
DA:97,1
DA:100,4
DA:101,3
DA:103,2
DA:113,5
DA:114,3
DA:115,3
DA:117,2
DA:119,1
DA:125,5
DA:126,0
DA:127,0
DA:128,0
DA:129,0
DA:131,0
DA:135,5
LF:51
LH:46
BRDA:34,0,0,2
BRDA:34,0,1,1
BRDA:95,1,0,1
BRDA:95,1,1,4
BRF:4
BRH:4
end_of_record
