{"/mnt/d/Coding_practice/SpringBoard_coding/SpringBoard_public/express-biztime/app.js": {"path":"/mnt/d/Coding_practice/SpringBoard_coding/SpringBoard_public/express-biztime/app.js","statementMap":{"0":{"start":{"line":2,"column":16},"end":{"line":2,"column":34}},"1":{"start":{"line":3,"column":24},"end":{"line":3,"column":53}},"2":{"start":{"line":4,"column":23},"end":{"line":4,"column":51}},"3":{"start":{"line":6,"column":12},"end":{"line":6,"column":21}},"4":{"start":{"line":8,"column":0},"end":{"line":8,"column":24}},"5":{"start":{"line":10,"column":0},"end":{"line":10,"column":38}},"6":{"start":{"line":12,"column":0},"end":{"line":12,"column":36}},"7":{"start":{"line":16,"column":0},"end":{"line":19,"column":3}},"8":{"start":{"line":17,"column":14},"end":{"line":17,"column":48}},"9":{"start":{"line":18,"column":2},"end":{"line":18,"column":19}},"10":{"start":{"line":23,"column":0},"end":{"line":30,"column":3}},"11":{"start":{"line":24,"column":2},"end":{"line":24,"column":32}},"12":{"start":{"line":26,"column":2},"end":{"line":29,"column":5}},"13":{"start":{"line":33,"column":0},"end":{"line":33,"column":21}}},"fnMap":{"0":{"name":"(anonymous_0)","decl":{"start":{"line":16,"column":8},"end":{"line":16,"column":9}},"loc":{"start":{"line":16,"column":33},"end":{"line":19,"column":1}},"line":16},"1":{"name":"(anonymous_1)","decl":{"start":{"line":23,"column":8},"end":{"line":23,"column":9}},"loc":{"start":{"line":23,"column":33},"end":{"line":30,"column":1}},"line":23}},"branchMap":{"0":{"loc":{"start":{"line":24,"column":13},"end":{"line":24,"column":30}},"type":"binary-expr","locations":[{"start":{"line":24,"column":13},"end":{"line":24,"column":23}},{"start":{"line":24,"column":27},"end":{"line":24,"column":30}}],"line":24}},"s":{"0":2,"1":2,"2":2,"3":2,"4":2,"5":2,"6":2,"7":2,"8":0,"9":0,"10":2,"11":2,"12":2,"13":2},"f":{"0":0,"1":2},"b":{"0":[2,0]},"_coverageSchema":"1a1c01bbd47fc00a2c39e90264f33305004495a9","hash":"941d90c4c3b86e82c01d6a17ccf7f386648dc6b1"}
,"/mnt/d/Coding_practice/SpringBoard_coding/SpringBoard_public/express-biztime/db.js": {"path":"/mnt/d/Coding_practice/SpringBoard_coding/SpringBoard_public/express-biztime/db.js","statementMap":{"0":{"start":{"line":2,"column":16},"end":{"line":2,"column":34}},"1":{"start":{"line":3,"column":19},"end":{"line":3,"column":32}},"2":{"start":{"line":8,"column":0},"end":{"line":12,"column":1}},"3":{"start":{"line":9,"column":2},"end":{"line":9,"column":40}},"4":{"start":{"line":11,"column":2},"end":{"line":11,"column":35}},"5":{"start":{"line":14,"column":11},"end":{"line":16,"column":4}},"6":{"start":{"line":18,"column":0},"end":{"line":18,"column":13}},"7":{"start":{"line":20,"column":0},"end":{"line":20,"column":20}}},"fnMap":{},"branchMap":{"0":{"loc":{"start":{"line":8,"column":0},"end":{"line":12,"column":1}},"type":"if","locations":[{"start":{"line":8,"column":0},"end":{"line":12,"column":1}},{"start":{"line":10,"column":7},"end":{"line":12,"column":1}}],"line":8}},"s":{"0":2,"1":2,"2":2,"3":2,"4":0,"5":2,"6":2,"7":2},"f":{},"b":{"0":[2,0]},"_coverageSchema":"1a1c01bbd47fc00a2c39e90264f33305004495a9","hash":"217153fcb3602f4bc88751651b1f0ca99143630a"}
,"/mnt/d/Coding_practice/SpringBoard_coding/SpringBoard_public/express-biztime/expressError.js": {"path":"/mnt/d/Coding_practice/SpringBoard_coding/SpringBoard_public/express-biztime/expressError.js","statementMap":{"0":{"start":{"line":9,"column":4},"end":{"line":9,"column":12}},"1":{"start":{"line":10,"column":4},"end":{"line":10,"column":27}},"2":{"start":{"line":11,"column":4},"end":{"line":11,"column":25}},"3":{"start":{"line":12,"column":4},"end":{"line":12,"column":30}},"4":{"start":{"line":17,"column":0},"end":{"line":17,"column":30}}},"fnMap":{"0":{"name":"(anonymous_0)","decl":{"start":{"line":8,"column":2},"end":{"line":8,"column":3}},"loc":{"start":{"line":8,"column":31},"end":{"line":13,"column":3}},"line":8}},"branchMap":{},"s":{"0":2,"1":2,"2":2,"3":2,"4":2},"f":{"0":2},"b":{},"_coverageSchema":"1a1c01bbd47fc00a2c39e90264f33305004495a9","hash":"f8417b10a26b77ea08e21c7d54aa376d1ee18d8c"}
,"/mnt/d/Coding_practice/SpringBoard_coding/SpringBoard_public/express-biztime/routes/companies.js": {"path":"/mnt/d/Coding_practice/SpringBoard_coding/SpringBoard_public/express-biztime/routes/companies.js","statementMap":{"0":{"start":{"line":1,"column":16},"end":{"line":1,"column":34}},"1":{"start":{"line":2,"column":11},"end":{"line":2,"column":27}},"2":{"start":{"line":3,"column":15},"end":{"line":3,"column":35}},"3":{"start":{"line":4,"column":21},"end":{"line":4,"column":47}},"4":{"start":{"line":8,"column":0},"end":{"line":19,"column":2}},"5":{"start":{"line":9,"column":4},"end":{"line":18,"column":5}},"6":{"start":{"line":10,"column":23},"end":{"line":10,"column":64}},"7":{"start":{"line":11,"column":8},"end":{"line":13,"column":9}},"8":{"start":{"line":12,"column":12},"end":{"line":12,"column":66}},"9":{"start":{"line":14,"column":8},"end":{"line":14,"column":61}},"10":{"start":{"line":17,"column":8},"end":{"line":17,"column":24}},"11":{"start":{"line":26,"column":0},"end":{"line":38,"column":2}},"12":{"start":{"line":27,"column":4},"end":{"line":37,"column":5}},"13":{"start":{"line":28,"column":25},"end":{"line":28,"column":35}},"14":{"start":{"line":29,"column":23},"end":{"line":29,"column":110}},"15":{"start":{"line":30,"column":8},"end":{"line":32,"column":9}},"16":{"start":{"line":31,"column":12},"end":{"line":31,"column":75}},"17":{"start":{"line":33,"column":8},"end":{"line":33,"column":59}},"18":{"start":{"line":36,"column":8},"end":{"line":36,"column":24}},"19":{"start":{"line":47,"column":0},"end":{"line":61,"column":2}},"20":{"start":{"line":48,"column":4},"end":{"line":60,"column":5}},"21":{"start":{"line":49,"column":42},"end":{"line":49,"column":50}},"22":{"start":{"line":51,"column":23},"end":{"line":55,"column":9}},"23":{"start":{"line":56,"column":8},"end":{"line":56,"column":59}},"24":{"start":{"line":59,"column":8},"end":{"line":59,"column":24}},"25":{"start":{"line":72,"column":0},"end":{"line":91,"column":2}},"26":{"start":{"line":73,"column":4},"end":{"line":90,"column":5}},"27":{"start":{"line":74,"column":25},"end":{"line":74,"column":35}},"28":{"start":{"line":75,"column":23},"end":{"line":75,"column":110}},"29":{"start":{"line":76,"column":8},"end":{"line":78,"column":9}},"30":{"start":{"line":77,"column":12},"end":{"line":77,"column":75}},"31":{"start":{"line":80,"column":36},"end":{"line":80,"column":44}},"32":{"start":{"line":81,"column":26},"end":{"line":85,"column":9}},"33":{"start":{"line":86,"column":8},"end":{"line":86,"column":65}},"34":{"start":{"line":89,"column":8},"end":{"line":89,"column":24}},"35":{"start":{"line":100,"column":0},"end":{"line":115,"column":2}},"36":{"start":{"line":101,"column":4},"end":{"line":114,"column":5}},"37":{"start":{"line":102,"column":23},"end":{"line":105,"column":13}},"38":{"start":{"line":110,"column":8},"end":{"line":110,"column":56}},"39":{"start":{"line":113,"column":8},"end":{"line":113,"column":24}},"40":{"start":{"line":118,"column":0},"end":{"line":118,"column":23}}},"fnMap":{"0":{"name":"(anonymous_0)","decl":{"start":{"line":8,"column":16},"end":{"line":8,"column":17}},"loc":{"start":{"line":8,"column":42},"end":{"line":19,"column":1}},"line":8},"1":{"name":"(anonymous_1)","decl":{"start":{"line":26,"column":21},"end":{"line":26,"column":22}},"loc":{"start":{"line":26,"column":47},"end":{"line":38,"column":1}},"line":26},"2":{"name":"(anonymous_2)","decl":{"start":{"line":47,"column":17},"end":{"line":47,"column":18}},"loc":{"start":{"line":47,"column":43},"end":{"line":61,"column":1}},"line":47},"3":{"name":"(anonymous_3)","decl":{"start":{"line":72,"column":23},"end":{"line":72,"column":24}},"loc":{"start":{"line":72,"column":49},"end":{"line":91,"column":1}},"line":72},"4":{"name":"(anonymous_4)","decl":{"start":{"line":100,"column":24},"end":{"line":100,"column":25}},"loc":{"start":{"line":100,"column":50},"end":{"line":115,"column":1}},"line":100}},"branchMap":{"0":{"loc":{"start":{"line":11,"column":8},"end":{"line":13,"column":9}},"type":"if","locations":[{"start":{"line":11,"column":8},"end":{"line":13,"column":9}},{"start":{},"end":{}}],"line":11},"1":{"loc":{"start":{"line":30,"column":8},"end":{"line":32,"column":9}},"type":"if","locations":[{"start":{"line":30,"column":8},"end":{"line":32,"column":9}},{"start":{},"end":{}}],"line":30},"2":{"loc":{"start":{"line":76,"column":8},"end":{"line":78,"column":9}},"type":"if","locations":[{"start":{"line":76,"column":8},"end":{"line":78,"column":9}},{"start":{},"end":{}}],"line":76}},"s":{"0":2,"1":2,"2":2,"3":2,"4":2,"5":1,"6":1,"7":1,"8":0,"9":1,"10":0,"11":2,"12":2,"13":2,"14":2,"15":2,"16":1,"17":1,"18":1,"19":2,"20":1,"21":1,"22":1,"23":1,"24":0,"25":2,"26":1,"27":1,"28":1,"29":1,"30":0,"31":1,"32":1,"33":1,"34":0,"35":2,"36":1,"37":1,"38":1,"39":0,"40":2},"f":{"0":1,"1":2,"2":1,"3":1,"4":1},"b":{"0":[0,1],"1":[1,1],"2":[0,1]},"_coverageSchema":"1a1c01bbd47fc00a2c39e90264f33305004495a9","hash":"34281e6ed54e893bbe258ec5c95b6538779c198d"}
,"/mnt/d/Coding_practice/SpringBoard_coding/SpringBoard_public/express-biztime/routes/invoices.js": {"path":"/mnt/d/Coding_practice/SpringBoard_coding/SpringBoard_public/express-biztime/routes/invoices.js","statementMap":{"0":{"start":{"line":1,"column":16},"end":{"line":1,"column":34}},"1":{"start":{"line":2,"column":11},"end":{"line":2,"column":27}},"2":{"start":{"line":3,"column":15},"end":{"line":3,"column":35}},"3":{"start":{"line":4,"column":21},"end":{"line":4,"column":47}},"4":{"start":{"line":9,"column":0},"end":{"line":20,"column":2}},"5":{"start":{"line":10,"column":4},"end":{"line":19,"column":5}},"6":{"start":{"line":11,"column":23},"end":{"line":11,"column":75}},"7":{"start":{"line":12,"column":8},"end":{"line":14,"column":9}},"8":{"start":{"line":13,"column":12},"end":{"line":13,"column":65}},"9":{"start":{"line":15,"column":8},"end":{"line":15,"column":60}},"10":{"start":{"line":18,"column":8},"end":{"line":18,"column":24}},"11":{"start":{"line":29,"column":0},"end":{"line":49,"column":2}},"12":{"start":{"line":30,"column":4},"end":{"line":48,"column":5}},"13":{"start":{"line":31,"column":23},"end":{"line":31,"column":33}},"14":{"start":{"line":32,"column":31},"end":{"line":32,"column":136}},"15":{"start":{"line":34,"column":8},"end":{"line":36,"column":9}},"16":{"start":{"line":35,"column":12},"end":{"line":35,"column":71}},"17":{"start":{"line":38,"column":30},"end":{"line":38,"column":123}},"18":{"start":{"line":40,"column":8},"end":{"line":40,"column":47}},"19":{"start":{"line":41,"column":24},"end":{"line":41,"column":46}},"20":{"start":{"line":42,"column":8},"end":{"line":42,"column":47}},"21":{"start":{"line":44,"column":8},"end":{"line":44,"column":55}},"22":{"start":{"line":47,"column":8},"end":{"line":47,"column":24}},"23":{"start":{"line":58,"column":0},"end":{"line":72,"column":2}},"24":{"start":{"line":59,"column":4},"end":{"line":71,"column":5}},"25":{"start":{"line":60,"column":33},"end":{"line":60,"column":41}},"26":{"start":{"line":62,"column":23},"end":{"line":66,"column":9}},"27":{"start":{"line":67,"column":8},"end":{"line":67,"column":51}},"28":{"start":{"line":70,"column":8},"end":{"line":70,"column":24}},"29":{"start":{"line":83,"column":0},"end":{"line":123,"column":2}},"30":{"start":{"line":84,"column":4},"end":{"line":122,"column":5}},"31":{"start":{"line":85,"column":26},"end":{"line":85,"column":34}},"32":{"start":{"line":86,"column":17},"end":{"line":86,"column":30}},"33":{"start":{"line":87,"column":23},"end":{"line":87,"column":27}},"34":{"start":{"line":89,"column":27},"end":{"line":93,"column":17}},"35":{"start":{"line":95,"column":8},"end":{"line":97,"column":9}},"36":{"start":{"line":96,"column":8},"end":{"line":96,"column":62}},"37":{"start":{"line":99,"column":29},"end":{"line":99,"column":57}},"38":{"start":{"line":101,"column":8},"end":{"line":109,"column":9}},"39":{"start":{"line":102,"column":8},"end":{"line":102,"column":30}},"40":{"start":{"line":104,"column":13},"end":{"line":109,"column":9}},"41":{"start":{"line":105,"column":8},"end":{"line":105,"column":23}},"42":{"start":{"line":108,"column":8},"end":{"line":108,"column":32}},"43":{"start":{"line":111,"column":23},"end":{"line":116,"column":38}},"44":{"start":{"line":118,"column":8},"end":{"line":118,"column":53}},"45":{"start":{"line":121,"column":8},"end":{"line":121,"column":24}},"46":{"start":{"line":134,"column":0},"end":{"line":146,"column":2}},"47":{"start":{"line":135,"column":4},"end":{"line":145,"column":5}},"48":{"start":{"line":136,"column":23},"end":{"line":139,"column":13}},"49":{"start":{"line":141,"column":8},"end":{"line":141,"column":56}},"50":{"start":{"line":144,"column":8},"end":{"line":144,"column":24}},"51":{"start":{"line":153,"column":0},"end":{"line":174,"column":2}},"52":{"start":{"line":154,"column":4},"end":{"line":173,"column":5}},"53":{"start":{"line":155,"column":30},"end":{"line":159,"column":9}},"54":{"start":{"line":160,"column":8},"end":{"line":162,"column":9}},"55":{"start":{"line":161,"column":12},"end":{"line":161,"column":86}},"56":{"start":{"line":164,"column":31},"end":{"line":164,"column":122}},"57":{"start":{"line":166,"column":23},"end":{"line":166,"column":44}},"58":{"start":{"line":167,"column":8},"end":{"line":167,"column":44}},"59":{"start":{"line":169,"column":8},"end":{"line":169,"column":54}},"60":{"start":{"line":172,"column":8},"end":{"line":172,"column":24}},"61":{"start":{"line":176,"column":0},"end":{"line":176,"column":23}}},"fnMap":{"0":{"name":"(anonymous_0)","decl":{"start":{"line":9,"column":16},"end":{"line":9,"column":17}},"loc":{"start":{"line":9,"column":42},"end":{"line":20,"column":1}},"line":9},"1":{"name":"(anonymous_1)","decl":{"start":{"line":29,"column":19},"end":{"line":29,"column":20}},"loc":{"start":{"line":29,"column":45},"end":{"line":49,"column":1}},"line":29},"2":{"name":"(anonymous_2)","decl":{"start":{"line":58,"column":17},"end":{"line":58,"column":18}},"loc":{"start":{"line":58,"column":43},"end":{"line":72,"column":1}},"line":58},"3":{"name":"(anonymous_3)","decl":{"start":{"line":83,"column":21},"end":{"line":83,"column":22}},"loc":{"start":{"line":83,"column":47},"end":{"line":123,"column":1}},"line":83},"4":{"name":"(anonymous_4)","decl":{"start":{"line":134,"column":22},"end":{"line":134,"column":23}},"loc":{"start":{"line":134,"column":48},"end":{"line":146,"column":1}},"line":134},"5":{"name":"(anonymous_5)","decl":{"start":{"line":153,"column":31},"end":{"line":153,"column":32}},"loc":{"start":{"line":153,"column":57},"end":{"line":174,"column":1}},"line":153}},"branchMap":{"0":{"loc":{"start":{"line":12,"column":8},"end":{"line":14,"column":9}},"type":"if","locations":[{"start":{"line":12,"column":8},"end":{"line":14,"column":9}},{"start":{},"end":{}}],"line":12},"1":{"loc":{"start":{"line":34,"column":8},"end":{"line":36,"column":9}},"type":"if","locations":[{"start":{"line":34,"column":8},"end":{"line":36,"column":9}},{"start":{},"end":{}}],"line":34},"2":{"loc":{"start":{"line":95,"column":8},"end":{"line":97,"column":9}},"type":"if","locations":[{"start":{"line":95,"column":8},"end":{"line":97,"column":9}},{"start":{},"end":{}}],"line":95},"3":{"loc":{"start":{"line":101,"column":8},"end":{"line":109,"column":9}},"type":"if","locations":[{"start":{"line":101,"column":8},"end":{"line":109,"column":9}},{"start":{"line":104,"column":13},"end":{"line":109,"column":9}}],"line":101},"4":{"loc":{"start":{"line":101,"column":12},"end":{"line":101,"column":33}},"type":"binary-expr","locations":[{"start":{"line":101,"column":12},"end":{"line":101,"column":25}},{"start":{"line":101,"column":29},"end":{"line":101,"column":33}}],"line":101},"5":{"loc":{"start":{"line":104,"column":13},"end":{"line":109,"column":9}},"type":"if","locations":[{"start":{"line":104,"column":13},"end":{"line":109,"column":9}},{"start":{"line":107,"column":13},"end":{"line":109,"column":9}}],"line":104},"6":{"loc":{"start":{"line":160,"column":8},"end":{"line":162,"column":9}},"type":"if","locations":[{"start":{"line":160,"column":8},"end":{"line":162,"column":9}},{"start":{},"end":{}}],"line":160}},"s":{"0":2,"1":2,"2":2,"3":2,"4":2,"5":1,"6":1,"7":1,"8":1,"9":0,"10":1,"11":2,"12":0,"13":0,"14":0,"15":0,"16":0,"17":0,"18":0,"19":0,"20":0,"21":0,"22":0,"23":2,"24":0,"25":0,"26":0,"27":0,"28":0,"29":2,"30":0,"31":0,"32":0,"33":0,"34":0,"35":0,"36":0,"37":0,"38":0,"39":0,"40":0,"41":0,"42":0,"43":0,"44":0,"45":0,"46":2,"47":0,"48":0,"49":0,"50":0,"51":2,"52":0,"53":0,"54":0,"55":0,"56":0,"57":0,"58":0,"59":0,"60":0,"61":2},"f":{"0":1,"1":0,"2":0,"3":0,"4":0,"5":0},"b":{"0":[1,0],"1":[0,0],"2":[0,0],"3":[0,0],"4":[0,0],"5":[0,0],"6":[0,0]},"_coverageSchema":"1a1c01bbd47fc00a2c39e90264f33305004495a9","hash":"34935049fcf644f0e8bd4fdcfeaad7f4b9aa2127"}
}
