TN:
SF:app.js
FN:16,(anonymous_0)
FN:23,(anonymous_1)
FNF:2
FNH:1
FNDA:0,(anonymous_0)
FNDA:2,(anonymous_1)
DA:2,2
DA:3,2
DA:4,2
DA:6,2
DA:8,2
DA:10,2
DA:12,2
DA:16,2
DA:17,0
DA:18,0
DA:23,2
DA:24,2
DA:26,2
DA:33,2
LF:14
LH:12
BRDA:24,0,0,2
BRDA:24,0,1,0
BRF:2
BRH:1
end_of_record
TN:
SF:db.js
FNF:0
FNH:0
DA:2,2
DA:3,2
DA:8,2
DA:9,2
DA:11,0
DA:14,2
DA:18,2
DA:20,2
LF:8
LH:7
BRDA:8,0,0,2
BRDA:8,0,1,0
BRF:2
BRH:1
end_of_record
TN:
SF:expressError.js
FN:8,(anonymous_0)
FNF:1
FNH:1
FNDA:2,(anonymous_0)
DA:9,2
DA:10,2
DA:11,2
DA:12,2
DA:17,2
LF:5
LH:5
BRF:0
BRH:0
end_of_record
TN:
SF:routes/companies.js
FN:8,(anonymous_0)
FN:26,(anonymous_1)
FN:47,(anonymous_2)
FN:72,(anonymous_3)
FN:100,(anonymous_4)
FNF:5
FNH:5
FNDA:1,(anonymous_0)
FNDA:2,(anonymous_1)
FNDA:1,(anonymous_2)
FNDA:1,(anonymous_3)
FNDA:1,(anonymous_4)
DA:1,2
DA:2,2
DA:3,2
DA:4,2
DA:8,2
DA:9,1
DA:10,1
DA:11,1
DA:12,0
DA:14,1
DA:17,0
DA:26,2
DA:27,2
DA:28,2
DA:29,2
DA:30,2
DA:31,1
DA:33,1
DA:36,1
DA:47,2
DA:48,1
DA:49,1
DA:51,1
DA:56,1
DA:59,0
DA:72,2
DA:73,1
DA:74,1
DA:75,1
DA:76,1
DA:77,0
DA:80,1
DA:81,1
DA:86,1
DA:89,0
DA:100,2
DA:101,1
DA:102,1
DA:110,1
DA:113,0
DA:118,2
LF:41
LH:35
BRDA:11,0,0,0
BRDA:11,0,1,1
BRDA:30,1,0,1
BRDA:30,1,1,1
BRDA:76,2,0,0
BRDA:76,2,1,1
BRF:6
BRH:4
end_of_record
TN:
SF:routes/invoices.js
FN:9,(anonymous_0)
FN:29,(anonymous_1)
FN:58,(anonymous_2)
FN:83,(anonymous_3)
FN:134,(anonymous_4)
FN:153,(anonymous_5)
FNF:6
FNH:1
FNDA:1,(anonymous_0)
FNDA:0,(anonymous_1)
FNDA:0,(anonymous_2)
FNDA:0,(anonymous_3)
FNDA:0,(anonymous_4)
FNDA:0,(anonymous_5)
DA:1,2
DA:2,2
DA:3,2
DA:4,2
DA:9,2
DA:10,1
DA:11,1
DA:12,1
DA:13,1
DA:15,0
DA:18,1
DA:29,2
DA:30,0
DA:31,0
DA:32,0
DA:34,0
DA:35,0
DA:38,0
DA:40,0
DA:41,0
DA:42,0
DA:44,0
DA:47,0
DA:58,2
DA:59,0
DA:60,0
DA:62,0
DA:67,0
DA:70,0
DA:83,2
DA:84,0
DA:85,0
DA:86,0
DA:87,0
DA:89,0
DA:95,0
DA:96,0
DA:99,0
DA:101,0
DA:102,0
DA:104,0
DA:105,0
DA:108,0
DA:111,0
DA:118,0
DA:121,0
DA:134,2
DA:135,0
DA:136,0
DA:141,0
DA:144,0
DA:153,2
DA:154,0
DA:155,0
DA:160,0
DA:161,0
DA:164,0
DA:166,0
DA:167,0
DA:169,0
DA:172,0
DA:176,2
LF:62
LH:16
BRDA:12,0,0,1
BRDA:12,0,1,0
BRDA:34,1,0,0
BRDA:34,1,1,0
BRDA:95,2,0,0
BRDA:95,2,1,0
BRDA:101,3,0,0
BRDA:101,3,1,0
BRDA:101,4,0,0
BRDA:101,4,1,0
BRDA:104,5,0,0
BRDA:104,5,1,0
BRDA:160,6,0,0
BRDA:160,6,1,0
BRF:14
BRH:1
end_of_record
